d:\workspace\chartthemes\ui_themewidget.h
d:\workspace\chartthemes\debug\moc_themewidget.cpp
d:\workspace\chartthemes\ui_setdialog.h
d:\workspace\chartthemes\debug\moc_setdialog.cpp
d:\workspace\chartthemes\debug\vc141.pdb
d:\workspace\chartthemes\debug\moc_setdialog.obj
d:\workspace\chartthemes\debug\main.obj
d:\workspace\chartthemes\debug\themewidget.obj
d:\workspace\chartthemes\debug\moc_themewidget.obj
d:\workspace\chartthemes\debug\moc_predefs.h
d:\workspace\chartthemes\debug\chartthemes.exe
d:\workspace\chartthemes\debug\chartthemes.ilk
d:\workspace\chartthemes\debug\chartthemes.pdb
d:\workspace\chartthemes\debug\setdialog.obj
d:\workspace\chartthemes\debug\chartthemes.tlog\chartthemes.write.1u.tlog
d:\workspace\chartthemes\debug\chartthemes.tlog\cl.command.1.tlog
d:\workspace\chartthemes\debug\chartthemes.tlog\cl.read.1.tlog
d:\workspace\chartthemes\debug\chartthemes.tlog\cl.write.1.tlog
d:\workspace\chartthemes\debug\chartthemes.tlog\custombuild.command.1.tlog
d:\workspace\chartthemes\debug\chartthemes.tlog\custombuild.read.1.tlog
d:\workspace\chartthemes\debug\chartthemes.tlog\custombuild.write.1.tlog
d:\workspace\chartthemes\debug\chartthemes.tlog\link.11440.delete.1.tlog
d:\workspace\chartthemes\debug\chartthemes.tlog\link.1336.delete.1.tlog
d:\workspace\chartthemes\debug\chartthemes.tlog\link.3296.delete.1.tlog
d:\workspace\chartthemes\debug\chartthemes.tlog\link.4036.delete.1.tlog
d:\workspace\chartthemes\debug\chartthemes.tlog\link.command.1.tlog
d:\workspace\chartthemes\debug\chartthemes.tlog\link.read.1.tlog
d:\workspace\chartthemes\debug\chartthemes.tlog\link.write.1.tlog
d:\workspace\chartthemes\debug\chartthemes.tlog\moc.read.1u.tlog
d:\workspace\chartthemes\debug\chartthemes.tlog\moc.write.1u.tlog
d:\workspace\chartthemes\debug\chartthemes.tlog\uic.read.1u.tlog
d:\workspace\chartthemes\debug\chartthemes.tlog\uic.write.1u.tlog
